[debug] [2021-09-20T18:20:36.800Z] ----------------------------------------------------------------------
[debug] [2021-09-20T18:20:36.802Z] Command:       C:\Program Files\nodejs\node.exe C:\Users\vinay.dev\AppData\Roaming\npm\node_modules\firebase-tools\lib\bin\firebase.js init
[debug] [2021-09-20T18:20:36.802Z] CLI Version:   9.18.0
[debug] [2021-09-20T18:20:36.803Z] Platform:      win32
[debug] [2021-09-20T18:20:36.803Z] Node Version:  v14.17.6
[debug] [2021-09-20T18:20:36.804Z] Time:          Mon Sep 20 2021 23:50:36 GMT+0530 (India Standard Time)
[debug] [2021-09-20T18:20:36.804Z] ----------------------------------------------------------------------
[debug] 
[debug] [2021-09-20T18:20:36.814Z] > command requires scopes: ["email","openid","https://www.googleapis.com/auth/cloudplatformprojects.readonly","https://www.googleapis.com/auth/firebase","https://www.googleapis.com/auth/cloud-platform"]
[debug] [2021-09-20T18:20:36.814Z] > authorizing via signed-in user (vinaydevmd@gmail.com)
[info] 
     ######## #### ########  ######## ########     ###     ######  ########
     ##        ##  ##     ## ##       ##     ##  ##   ##  ##       ##
     ######    ##  ########  ######   ########  #########  ######  ######
     ##        ##  ##    ##  ##       ##     ## ##     ##       ## ##
     ##       #### ##     ## ######## ########  ##     ##  ######  ########

You're about to initialize a Firebase project in this directory:

  C:\Users\vinay.dev\Documents\GitHub\astangashalawebsite\firebase_yogawebsite

[info] 
=== Project Setup
[info] 
[info] First, let's associate this project directory with a Firebase project.
[info] You can create multiple project aliases by running firebase use --add, 
[info] but for now we'll just set up a default project.
[info] 
[debug] [2021-09-20T18:20:59.831Z] >>> [apiv2][query] GET https://firebase.googleapis.com/v1beta1/projects pageSize=100
[debug] [2021-09-20T18:21:00.986Z] <<< [apiv2][status] GET https://firebase.googleapis.com/v1beta1/projects 200
[debug] [2021-09-20T18:21:00.986Z] <<< [apiv2][body] GET https://firebase.googleapis.com/v1beta1/projects [omitted]
[info] i  Using project astangayogashala-b9709 (AstangaYogaShala) 
[info] 
=== Hosting Setup
[info] 
[info] Your public directory is the folder (relative to your project directory) that
[info] will contain Hosting assets to be uploaded with firebase deploy. If you
[info] have a build process for your assets, use your build's output directory.
[info] 
[debug] [2021-09-20T18:21:17.969Z] >>> [apiv2][query] GET https://www.gstatic.com/firebasejs/releases.json [none]
[debug] [2021-09-20T18:21:21.870Z] <<< [apiv2][status] GET https://www.gstatic.com/firebasejs/releases.json 200
[debug] [2021-09-20T18:21:21.871Z] <<< [apiv2][body] GET https://www.gstatic.com/firebasejs/releases.json {"current":{"version":"9.0.2","browserURL":"https://www.gstatic.com/firebasejs/9.0.2/firebase.js","packageURL":"https://www.gstatic.com/firebasejs/9.0.2/firebase.tgz"},"live":{"version":"9.0","browserURL":"https://www.gstatic.com/firebasejs/live/9.0/firebase.js","packageURL":"https://www.gstatic.com/firebasejs/live/9.0/firebase.tgz"},"components":{"analytics":"https://www.gstatic.com/firebasejs/9.0.2/firebase-analytics.js","app":"https://www.gstatic.com/firebasejs/9.0.2/firebase-app.js","app-check":"https://www.gstatic.com/firebasejs/9.0.2/firebase-app-check.js","auth":"https://www.gstatic.com/firebasejs/9.0.2/firebase-auth.js","auth/cordova":"https://www.gstatic.com/firebasejs/9.0.2/firebase-auth/cordova.js","auth/react-native":"https://www.gstatic.com/firebasejs/9.0.2/firebase-auth/react-native.js","functions":"https://www.gstatic.com/firebasejs/9.0.2/firebase-functions.js","firestore":"https://www.gstatic.com/firebasejs/9.0.2/firebase-firestore.js","firestore/lite":"https://www.gstatic.com/firebasejs/9.0.2/firebase-firestore/lite.js","storage":"https://www.gstatic.com/firebasejs/9.0.2/firebase-storage.js","performance":"https://www.gstatic.com/firebasejs/9.0.2/firebase-performance.js","remote-config":"https://www.gstatic.com/firebasejs/9.0.2/firebase-remote-config.js","messaging":"https://www.gstatic.com/firebasejs/9.0.2/firebase-messaging.js","messaging/sw":"https://www.gstatic.com/firebasejs/9.0.2/firebase-messaging/sw.js","database":"https://www.gstatic.com/firebasejs/9.0.2/firebase-database.js","firestore.memory":"https://www.gstatic.com/firebasejs/9.0.2/firebase-firestore.memory.js"}}
[info] +  Wrote public/index.html 
[info] 
[info] i  Detected a .git folder at C:\Users\vinay.dev\Documents\GitHub\astangashalawebsite 
[info] i  Authorizing with GitHub to upload your service account to a GitHub repository's secrets store. 
[info] 
[info] Visit this URL on this device to log in:
[info] https://github.com/login/oauth/authorize?client_id=89cf50f02ac6aaed3484&state=188516289&redirect_uri=http%3A%2F%2Flocalhost%3A9005&scope=read%3Auser%20repo%20public_repo
[info] 
[info] Waiting for authentication...
[debug] [2021-09-20T18:21:38.447Z] >>> HTTP REQUEST POST https://github.com/login/oauth/access_token  
 {"client_id":"89cf50f02ac6aaed3484","client_secret":"3330d14abc895d9a74d5f17cd7a00711fa2c5bf0","code":"9d427bcbf46ce74271eb","redirect_uri":"http://localhost:9005","state":"188516289"}
[debug] [2021-09-20T18:21:38.999Z] <<< HTTP RESPONSE 200 {"server":"GitHub.com","date":"Mon, 20 Sep 2021 18:21:38 GMT","content-type":"application/json; charset=utf-8","transfer-encoding":"chunked","vary":"X-PJAX, X-PJAX-Container, Accept-Encoding, Accept, X-Requested-With","permissions-policy":"interest-cohort=()","etag":"W/\"54b157783dd658be833489b63f9b81ac\"","cache-control":"max-age=0, private, must-revalidate","strict-transport-security":"max-age=31536000; includeSubdomains; preload","x-frame-options":"deny","x-content-type-options":"nosniff","x-xss-protection":"0","referrer-policy":"origin-when-cross-origin, strict-origin-when-cross-origin","expect-ct":"max-age=2592000, report-uri=\"https://api.github.com/_private/browser/errors\"","content-security-policy":"default-src 'none'; base-uri 'self'; block-all-mixed-content; child-src github.githubassets.com; connect-src 'self' uploads.github.com www.githubstatus.com collector.githubapp.com api.github.com github-cloud.s3.amazonaws.com github-production-repository-file-5c1aeb.s3.amazonaws.com github-production-upload-manifest-file-7fdce7.s3.amazonaws.com github-production-user-asset-6210df.s3.amazonaws.com cdn.optimizely.com logx.optimizely.com/v1/events translator.github.com wss://alive.github.com; font-src github.githubassets.com; form-action 'self' github.com gist.github.com; frame-ancestors 'none'; frame-src render.githubusercontent.com viewscreen.githubusercontent.com; img-src 'self' data: github.githubassets.com identicons.github.com collector.githubapp.com github-cloud.s3.amazonaws.com secured-user-images.githubusercontent.com/ *.githubusercontent.com; manifest-src 'self'; media-src github.com user-images.githubusercontent.com/; script-src github.githubassets.com; style-src 'unsafe-inline' github.githubassets.com; worker-src github.githubassets.com github.com/socket-worker-0af8a29d.js gist.github.com/socket-worker-0af8a29d.js","x-github-request-id":"4937:4303:65F56:70C11:6148D132"}
[debug] [2021-09-20T18:21:39.011Z] >>> [apiv2][query] GET https://api.github.com/user [none]
[debug] [2021-09-20T18:21:40.332Z] <<< [apiv2][status] GET https://api.github.com/user 200
[debug] [2021-09-20T18:21:40.333Z] <<< [apiv2][body] GET https://api.github.com/user {"login":"vinaydevmd","id":19835984,"node_id":"MDQ6VXNlcjE5ODM1OTg0","avatar_url":"https://avatars.githubusercontent.com/u/19835984?v=4","gravatar_id":"","url":"https://api.github.com/users/vinaydevmd","html_url":"https://github.com/vinaydevmd","followers_url":"https://api.github.com/users/vinaydevmd/followers","following_url":"https://api.github.com/users/vinaydevmd/following{/other_user}","gists_url":"https://api.github.com/users/vinaydevmd/gists{/gist_id}","starred_url":"https://api.github.com/users/vinaydevmd/starred{/owner}{/repo}","subscriptions_url":"https://api.github.com/users/vinaydevmd/subscriptions","organizations_url":"https://api.github.com/users/vinaydevmd/orgs","repos_url":"https://api.github.com/users/vinaydevmd/repos","events_url":"https://api.github.com/users/vinaydevmd/events{/privacy}","received_events_url":"https://api.github.com/users/vinaydevmd/received_events","type":"User","site_admin":false,"name":"Vinay Dev","company":null,"blog":"","location":null,"email":null,"hireable":null,"bio":null,"twitter_username":null,"public_repos":14,"public_gists":0,"followers":3,"following":16,"created_at":"2016-06-09T10:18:16Z","updated_at":"2021-09-19T17:53:19Z","private_gists":0,"total_private_repos":2,"owned_private_repos":2,"disk_usage":32202,"collaborators":0,"two_factor_authentication":false,"plan":{"name":"free","space":976562499,"collaborators":0,"private_repos":10000}}
[info] 
[info] +  Success! Logged into GitHub as vinaydevmd 
[info] 
